###CHROM 3L
3L	1	28110227	452069	28110227	112989	432046	8143548	5825673	5824515	8198331

##STATS
#A	C	G	T	CpGs
8143548	5825673	5824515	8198331	432046
#y	N	AC	AG	AT	CA	CG	CT	GA	GC	GT	TA	TC	TG
452069	28110227	29968	69755	44776	20456	17463	43535	42923	17724	20968	45000	68656	30845
#yCpG	NCpG	CA	CG	CT	GA	GC	GT
112989	432046	14452	12511	29549	29506	12489	14482
##INSERTIONS
#len	count
22510	1
4	2813
36	979
130	130
26	1359
134	127
193	59
49	664
43287	1
21	1664
45	770
3	3167
5	2648
2	3834
20	1651
40	923
155	103
7	2519
23	1496
115	166
135	142
67	490
41	875
139	125
947	2
338	20
28	1277
14	2091
48	718
77882	1
310	12
746	2
31	1149
8	2431
186	64
55	617
499	7
168	84
17	1818
1093	1
6	2630
1	7597
19	1628
231	37
15	1959
227	53
164	88
298	25
52210	1
101	226
121510	1
60	537
27	1299
107	215
106	186
16	1925
114	184
69	465
117	209
24	1471
46	769
42	839
58	618
35	1063
10	2320
29	1238
44	804
1040	1
943	1
85	318
57	590
13	2182
12	2144
11	2164
197	68
261	37
22	1554
33	1103
34	1023
74	437
438	6
51	688
93	272
97	260
50	692
105	271
153	109
120	159
82	357
184	73
61	528
25	1421
47	745
30	1193
39	973
54	699
18	1822
37	974
43	831
109	195
603	2
32	1136
73	418
196	69
38	885
140	135
451	4
1059	3
511	4
123	164
253	34
162	100
685	3
9	2288
59	547
1179	1
174	65
177	71
138	122
144	140
182	70
112	192
731	4
90	290
654	1
136	135
235	40
62	539
147	103
126	159
157	102
211	46
406	10
171	87
80	333
288	32
100	229
190	59
129	140
150	110
205	76
493	4
156	99
87	306
143	112
52	678
141	115
92	307
245	37
208	58
172	89
225	38
76	392
151	119
72	409
119	168
64	507
88	332
63	518
183	71
145	126
247	25
175	85
254	32
68	444
56	652
272	23
53	607
65	506
99	242
111	206
78	388
103	241
86	314
361	12
104	239
71	423
165	98
178	75
83	323
75	395
199	58
113	186
142	129
118	177
230	38
81	371
302	17
66	480
377	15
212	40
121	157
110	202
91	313
108	217
70	424
89	307
102	239
187	77
158	91
79	385
128	125
98	242
540	7
530	3
160	91
94	257
154	90
7043	1
213	47
116	172
179	69
289	26
334	15
159	101
122	138
77	378
203	48
132	166
133	153
371	9
181	83
228	42
137	137
95	265
271	30
84	301
161	94
285	26
539	7
265	26
124	170
192	68
799	1
173	84
234	33
127	152
366	16
329	12
149	115
241	29
216	42
188	65
209	63
343	16
148	141
218	55
169	74
287	22
266	20
416	8
328	16
176	73
152	113
282	17
447	6
744	2
901	1
342	17
280	22
243	34
131	134
214	50
575	4
195	53
191	68
875	1
264	29
297	23
206	62
270	32
372	19
552	6
1020	1
529	3
636	1
269	25
737	3
405	6
419	15
457	4
402	10
300	22
646	3
443	9
494	7
330	8
502	4
277	24
236	50
204	72
249	29
465	3
374	21
434	6
296	30
824	1
782	3
273	22
146	108
242	27
384	6
797	2
166	114
503	4
248	38
846	1
284	33
96	278
558	3
332	18
504	5
240	39
455	4
201	66
509	7
470	6
1001	2
526	8
321	21
409	12
877	2
350	20
738	4
347	15
668	2
555	5
258	31
220	48
163	109
259	30
317	20
442	9
170	73
339	16
420	6
180	74
189	48
185	74
215	45
210	36
600	2
557	3
311	11
1631	1
125	155
432	12
167	90
346	11
82068	1
233	32
842	1
151411	1
755	1
439	7
232	47
408	5
8677	1
345	18
293	25
463	8
202	63
364	15
911	2
837	2
566	3
514	3
333	16
217	56
7528	1
322	21
1071	1
395	10
198	64
226	43
238	38
263	21
427	7
335	14
252	28
223	47
222	50
412	12
278	28
299	19
370	9
834	2
344	13
650	1
624	2
386	10
279	26
450	9
262	27
358	10
336	13
1096	1
818	3
382	8
564	3
325	14
385	8
535	3
515	4
237	38
415	5
501	4
7802	1
355	18
388	9
268	19
251	31
461	3
219	48
589	2
375	10
545	3
354	14
570	4
229	28
200	52
9263	1
239	37
573	6
424	7
611	3
505	6
194	46
313	21
363	10
244	33
407	7
861	2
316	12
1028	1
436	6
576	4
7144	1
274	21
365	16
337	23
224	34
560	4
23276	1
27568	1
614	4
6912	1
441	9
17222	1
25268	1
295	25
383	8
437	7
422	8
569	3
301	18
207	52
379	6
517	4
644	7
5253	2
390	5
306	19
290	20
260	22
320	24
250	34
423	10
314	15
1166	1
318	22
711	4
490	3
592	4
429	8
524	3
362	8
341	12
348	17
727	3
7562	1
294	17
548	4
1052	2
425	11
410	6
827	1
485	5
256	34
608	2
472	6
221	51
440	9
733	2
417	10
327	13
391	15
360	8
380	10
610	1
719	2
276	27
700	1
397	8
428	9
972	1
843	1
476	3
2810	1
368	14
728	2
613	2
567	6
267	34
281	26
312	14
398	11
677	2
609	3
403	6
544	3
283	27
849	1
623	2
1417	1
246	31
606	5
303	17
448	8
838	1
340	21
445	9
308	18
292	15
664	3
1032	1
376	16
518	5
497	4
351	14
275	25
387	12
466	5
431	8
401	4
632	5
399	10
1004	1
1049	2
454	2
688	3
369	9
426	6
612	1
305	17
844	2
315	15
477	6
418	7
541	4
421	9
392	8
433	9
323	21
500	8
357	11
394	19
625	1
257	32
475	6
482	4
775	1
286	24
571	3
356	15
452	3
590	5
1506	1
885	2
591	4
630	2
536	4
1094	1
324	22
430	5
704	3
487	4
883	1
672	2
559	4
469	5
686	3
389	6
352	17
9176	1
741	2
304	19
831	2
411	6
468	3
291	21
506	4
367	14
378	5
823	1
507	4
554	6
349	14
596	3
512	7
181653	1
40689	1
233046	1
784	1
1042	1
331	14
852	1
68332	1
11961	1
594	2
75124	1
1999	1
35372	1
4198	1
45156	1
22633	1
51705	1
3958	1
527	3
413	9
373	14
523	2
479	6
5364	1
671	3
519	2
508	4
1224	1
936	1
1483	1
578	2
941	3
435	7
414	6
617	2
481	5
353	14
381	9
2565	1
525	4
766	1
484	4
718	3
531	3
1104	1
5612	1
1003	3
1188	2
71049	1
627	3
516	6
393	4
483	3
492	7
839	1
309	12
946	1
1277	1
565	5
7493	1
1915	1
170691	1
51943	1
4147	1
53281	1
765	1
38185	1
64777	1
53946	1
658	5
158640	1
14513	1
51807	1
51323	1
20088	1
701	1
359	10
945	1
326	12
7633	1
255	18
550	2
695	2
13949	1
30044	1
533	6
1790	1
498	6
643	1
712	2
458	3
787	1
319	15
488	4
655	2
528	4
1077	1
924	2
307	10
404	9
446	4
543	4
400	8
760	5
593	1
1037	2
786	2
826	2
2020	1
2174	1
918	2
811	1
932	2
91288	1
696	3
3769	1
6426	1
1435	1
12303	1
16317	1
989	1
3332	1
17994	1
53521	1
2833	1
28190	1
1984	1
42923	1
802	2
1103	2
2095	1
1354	2
3972	1
2716	2
69054	1
4478	1
5984	1
136172	1
2382	1
59573	1
489	3
131722	1
50802	1
196754	1
2284	1
36707	1
2705	1
138223	1
34457	1
1282	1
522	3
776	1
35530	1
15768	1
24364	1
15375	1
3218	1
467	7
2370	1
8654	1
642	2
3554	1
82746	1
33618	1
3346	1
648	3
551	3
828	3
1291	1
1067	3
585	3
2277	1
4780	1
659	3
462	3
1298	1
1024	1
874	2
1392	1
748	2
23104	1
807	1
396	5
7048	1
707	2
682	1
2549	1
1120	1
9198	1
2317	1
691	3
754	3
4487	1
791	1
618	1
542	2
486	8
676	2
1357	1
59007	1
2722	1
15102	1
54219	1
87796	1
8612	1
117042	1
151854	1
847	1
128067	1
1550	1
45604	1
100355	1
8520	1
975	1
39105	1
7994	1
2963	1
23989	1
1251	1
5961	1
200419	1
120057	1
1119	1
866	2
1266	1
22219	1
29497	1
919	2
4691	1
663	3
1692	1
7596	1
745	2
520	4
5057	1
584	2
694	1
656	1
723	1
622	3
751	2
460	2
27769	1
102033	1
3563	1
165034	1
2148	1
3181	1
42620	1
547	4
534	4
480	5
931	1
532	2
2326	1
471	3
1064	1
513	4
1254	2
615	6
1061	1
449	3
562	6
491	4
687	1
692	2
582	1
583	3
2043	1
563	6
830	1
538	2
39520	1
17993	1
73493	1
1060	1
629	1
661	2
6978	1
478	5
958	1
537	4
3279	1
690	1
580	3
620	1
1115	1
854	1
605	2
942	2
464	5
4452	1
9134	1
3836	1
474	4
7581	1
724	3
3545	1
599	1
1526	1
2654	1
780	2
736	1
546	4
3292	1
1287	1
639	1
703	1
806	2
848	2
794	2
568	2
456	3
4920	1
935	1
2403	1
1701	1
1218	1
1969	1
2625	1
13752	1
3409	1
7863	1
768	1
1331	1
697	2
1080	1
965	2
714	1
595	5
619	1
773	1
705	1
453	5
878	2
649	1
1350	2
952	1
3102	1
1054	1
923	1
808	1
961	1
626	4
772	1
602	1
577	2
1116	1
621	2
1105	1
915	1
699	2
1344	2
459	2
789	1
779	2
680	1
798	1
710	1
574	1
720	2
1058	1
1313	1
721	1
785	1
960	1
743	1
653	2
1029	2
2290	1
588	4
722	1
5529	1
1847	1
4593	1
1257	1
681	2
879	1
1114	1
1051	1
853	1
899	1
665	2
1569	1
556	3
1146	1
940	1
963	1
907	1
1320	1
1216	1
726	1
7833	1
5621	1
496	3
510	3
767	1
867	1
1480	1
1129	1
869	1
1150	1
18839	1
1081	3
762	2
1633	1
645	2
1043	2
647	2
783	1
1554	1
870	1
669	2
587	1
3804	1
6096	1
6882	1
46599	1
666697	1
3152	1
44494	1
186989	1
38991	1
1955	1
34767	1
43871	1
85919	1
829	1
521	3
2886	1
1566	1
3011	1
1470	1
749	1
1214	1
820	1
895	1
2923	2
708	1
679	2
982	1
1056	1
825	2
938	1
651	1
1286	1
1270	1
9268	1
86330	1
42703	1
128474	1
997	1
1180	1
1276	2
76881	1
9039	1
4431	1
1132	1
174407	1
12450	1
25349	1
26268	1
241884	1
7524	1
100417	1
62354	1
638	1
9282	1
856	1
1430	1
739	2
1149	1
1187	2
1635	1
1557	1
979	1
781	2
586	3
7547	1
473	2
764	1
601	3
1648	1
948	1
7468	1
1089	1
715	1
758	1
1374	1
9688	1
71666	1
1838	1
6316	1
179271	1
12230	1
26197	1
136671	1
322145	1
15763	1
1628	1
79522	1
1230	1
10315	1
4747	1
912	1
23790	1
6875	1
2391	1
114779	1
71050	1
65588	1
3816	1
104765	1
172225	1
90476	1
4821	1
1210	1
3777	1
1356	1
607	1
10063	1
909	1
740	1
1057	1
894	1
817	1
973	1
693	2
5198	1
1211	2
804	2
864	1
4886	1
4805	1
1177	2
832	1
16747	1
191822	1
124276	1
1393	1
61799	1
7689	1
5767	1
3443	1
74334	1
163510	1
2638	1
35846	1
5343	1
93113	1
17052	1
13601	1
7234	1
55624	1
112732	1
3503	1
858	1
1243	1
3646	1
1307	2
8510	1
814	1
770	1
683	2
5510	1
757	1
7537	1
796	1
9109	1
1245	1
633	2
1545	1
1163	1
5760	1
6555	1
1039	1
579	1
1308	1
8357	1
2006	1
1097	2
937	1
810	1
1694	1
22708	1
54683	1
13574	1
27087	1
143084	1
27312	1
1592	1
187462	1
47657	1
198748	1
8586	1
17709	1
157044	1
7134	1
5339	1
75465	1
1840	1
123350	1
5237	1
836	1
916	1
666	1
3052	1
2164	1
1069	1
1125	1
6945	1
851	1
1222	1
6936	1
1196	1
1143	1
872	1
1707	1
2936	1
880	1
17924	1
1253	1
598	1
657	1
634	1
1782	1
734	1
5499	1
1044	1
1439	1
6408	1
1677	1
921	1
1038	1
1025	1
2492	1
4333	1
8000	1
52241	1
2536	1
886	1
855	1
3144	1
1829	1
983	1
3221	1
2945	1
2800	1
1108	1
2245	1
62134	1
1345	1
10946	1
6462	1
2111	1
2827	1
5121	1
9330	1
60723	1
33380	1
4237	1
11017	1
3272	1
13591	1
11628	1
29065	1
6145	1
678	1
1152	1
2771	1
108568	1
48161	1
6831	1
56290	1
5709	1
13201	1
2264	1
32045	1
14618	1
14755	1
34376	1
16264	1
32946	1
4765	1
5052	1
1268	1
37845	1
75921	1
1850	1
14451	1
9642	1
79891	1
26137	1
32452	1
1872	1
4548	1
124201	1
48711	1
43637	1
2139	1
1426	1
991	1
39893	1
49108	1
17009	1
30025	1
1909	1
4046	1
729	1
15419	1
106041	1
1849	1
3306	1
8669	1
1551	1
2607	3
176398	1
4130	1
1241	1
8187	1
6236	1
39901	1
76728	1
55815	1
1727	1
47075	1
1201	1
24898	1
118553	1
2278	1
1126	1
26280	1
251515	1
92983	1
120431	1
86231	1
46572	1
1843	1
114877	1
1463	1
1735	1
47536	1
1242	1
37215	1
8390	1
191389	1
9121	1
35041	1
5935	1
1764	1
1730	1
68340	1
4129	1
5269	1
42676	1
5877	1
713	1
158378	1
74474	1
16745	2
12614	2
5592	1
4584	1
18230	1
1178	2
220476	1
162140	1
78686	1
120648	1
24427	1
38682	1
47289	1
4381	1
801	1
30499	1
2828	1
57321	1
61843	1
8739	1
62162	1
50760	1
56060	1
128242	1
##DELETIONS
#len	count
