###CHROM X
X	1	23542271	324812	23542271	95689	338942	6732793	4975870	4992722	6774766

##STATS
#A	C	G	T	CpGs
6732793	4975870	4992722	6774766	338942
#y	N	AC	AG	AT	CA	CG	CT	GA	GC	GT	TA	TC	TG
324812	23542271	21747	46136	30131	16359	14469	33433	33097	14467	16124	29892	46950	22007
#yCpG	NCpG	CA	CG	CT	GA	GC	GT
95689	338942	11899	11085	24895	24942	11118	11750
##INSERTIONS
#len	count
12411	1
11129	1
11488	1
11653	1
26132	1
102	238
77	330
1	4701
53	556
16	1583
25	1140
51712	1
122	156
60	497
4	2112
21	1318
2	2836
5	2108
20	1297
72	388
12	1864
109	184
85	278
76	339
87	286
35	852
23	1181
3	2455
81	307
6	2164
9	2025
15	1715
27	1016
221	53
149	112
120	156
18	1543
73538	1
124	141
242	47
145	124
8	2137
155	113
173	96
54	552
7	2003
57236	1
22	1238
10	1960
195	73
14	1748
490	8
379	17
52	550
29	951
17	1536
39	785
111	207
105	229
38	721
70	401
701	4
98	235
24	1179
66	413
57	516
11	1917
13	1740
189	73
204	62
56	530
83	301
192	70
74	387
31	921
48	605
41	790
45	665
493	7
1133	1
40	789
88	284
117	148
257	38
68	390
50	614
115	197
169	83
376	11
97	241
67	418
360	21
32	899
30	983
163	90
42	714
44	738
19	1409
26	1182
59	500
28	1058
153	115
142	133
191	76
33	903
197	85
47	632
63	455
94	239
116	177
232	48
688	2
36	894
126	161
65	422
125	168
375	16
986	2
71	396
294	25
69	433
119	198
99	241
49	578
536	4
104	212
34	887
176	89
681	5
55	595
92	252
178	76
847	5
187	67
93	276
114	183
79	350
73	376
82	318
1549	2
86	270
414	15
170	90
106	204
127	134
58	533
724	4
146	98
51	545
165	91
272	31
421	11
214	47
268	29
230	41
858	4
491	10
112	208
43	696
96	239
132	157
157	122
134	129
229	56
7637	1
298	24
80	356
467	10
95	280
300	30
227	43
524	7
799	5
181	70
133	150
46	652
118	166
278	22
224	40
216	59
139	122
162	80
237	27
121	160
177	78
160	107
90	252
201	63
129	145
310	28
542	7
64	467
175	89
5064	1
364	18
255	36
358	18
412	27
89	291
158	105
168	84
389	18
690	2
531	6
480	13
75	398
292	25
78	363
110	208
286	31
131	158
259	39
538	6
274	35
481	9
290	20
399	13
715	4
148	119
261	31
113	181
202	80
334	19
61	461
107	174
159	102
533	8
263	35
487	5
223	53
233	46
172	111
62	453
332	22
277	27
144	104
180	67
215	57
135	141
248	41
186	65
179	91
194	79
226	42
393	14
240	44
174	71
545	3
205	69
1006	1
108	201
238	34
84	274
37	813
576	3
265	28
251	23
136	133
190	55
357	27
388	8
198	68
151	115
325	25
311	19
128	129
239	38
182	75
213	57
100	234
141	121
91	245
282	28
103	203
167	92
262	30
336	20
188	49
200	58
152	91
324	20
252	45
143	116
193	64
137	136
220	70
6837	1
1103	1
297	32
494	11
279	33
339	14
307	19
301	27
164	95
138	138
328	14
463	9
156	125
326	21
567	4
140	131
299	31
101	220
183	85
256	41
783	2
629	6
269	46
543	3
184	81
306	20
331	16
1072	1
123	151
657	2
212	59
161	91
442	13
755	4
130	146
150	119
211	58
243	41
284	28
509	6
210	68
305	21
392	10
234	50
235	41
373	15
407	9
225	46
196	63
383	13
154	104
386	15
495	10
209	56
341	17
258	32
345	26
516	10
1055	2
333	19
356	17
7572	1
281	27
171	78
417	8
1766	1
406	13
679	5
247	48
515	6
276	38
318	15
420	15
253	32
371	10
166	88
222	50
208	68
344	17
285	30
571	5
374	13
254	39
666	2
457	6
464	12
5200	1
352	17
207	65
11771	1
321	22
659	6
1771	1
1113	1
930	3
471	9
446	10
501	9
289	25
347	11
579	3
380	17
502	6
319	11
295	31
241	44
206	63
382	13
228	38
245	39
275	32
416	13
488	3
264	31
592	7
430	8
915	3
560	4
369	15
231	46
829	1
335	28
721	3
363	15
439	8
443	15
489	4
349	18
445	8
680	3
291	28
316	21
478	9
147	97
475	8
588	5
280	39
774	3
236	42
444	8
1460	1
302	22
387	10
329	23
355	21
4017	1
2697	1
271	30
732	5
553	9
342	17
315	11
470	13
11195	1
110116	1
13455	1
19502	1
404	12
469	8
348	15
38755	1
20639	1
40129	1
21701	1
427	10
70818	1
12414	1
1207	1
1918	1
2908	1
296	23
1412	2
5633	1
24791	1
172665	1
468	4
249	37
283	24
572	5
848	2
513	9
624	6
403	11
422	11
322	19
199	59
273	30
731	2
312	20
418	10
203	57
817	3
219	51
362	17
218	53
440	8
454	9
815	6
365	17
317	29
1503	1
528	5
448	13
323	19
479	11
1169	2
244	28
458	12
784	5
660	3
510	9
614	3
12978	1
584	6
308	20
634	4
661	3
267	29
354	19
6423	1
384	13
569	4
905	4
625	4
486	8
1803	1
642	4
477	5
7397	1
436	6
309	25
788	3
834	2
395	5
450	3
304	30
185	67
327	19
1581	1
9224	1
426	12
313	25
1498	1
452	6
385	20
900	4
473	8
564	5
474	7
381	8
314	22
896	1
397	14
1230	1
993	1
855	1
1068	1
802	3
885	2
353	13
410	9
435	14
411	12
744	2
590	3
639	5
818	1
337	23
568	4
819	2
49472	1
676	1
7594	1
911	1
963	1
1120	1
7916	1
432	11
723	2
453	10
483	5
270	25
465	6
738	3
534	2
434	11
217	48
287	20
437	11
377	14
856	5
246	34
748	3
139546	1
960	2
1044	1
4955	1
85899	1
39946	1
593	6
518	5
303	26
250	30
1894	1
8848	1
1564	1
3163	1
2176	1
1112	2
476	7
396	13
419	8
693	5
532	8
529	6
350	22
293	25
621	3
449	9
338	21
340	19
872	1
597	2
589	4
551	4
260	38
958	2
539	4
512	10
649	2
554	10
537	5
482	5
6128	1
1075	1
359	10
608	7
1527	1
580	2
496	3
620	3
1172	1
578	6
455	10
835	1
725	3
1009	1
631	4
485	4
598	5
409	8
466	6
619	3
71230	1
346	15
51868	1
288	22
6115	1
86501	1
398	12
1244	1
1487	1
112302	1
3375	1
35076	1
18703	1
18757	1
10301	1
54820	1
54076	1
96837	1
741	4
507	7
586	6
729	1
368	16
792	1
548	7
400	9
1268	2
6171	1
361	9
689	1
726	1
461	6
1024	1
793	1
953	1
85019	1
498	3
18041	1
2913	1
44923	1
1235	1
633	3
595	4
807	1
425	11
431	8
343	8
526	5
811	1
770	2
3399	1
438	8
549	4
8305	1
862	1
372	7
429	10
402	10
650	4
6986	1
66322	1
886	1
11388	1
1179	2
1988	1
1088	1
950	2
1801	1
81573	1
12500	1
121795	1
11268	1
88355	1
850	4
6267	1
626	2
5115	1
7420	1
99789	1
677	2
627	4
1465	1
1459	1
266	38
1080	1
391	15
394	20
530	7
562	4
879	2
366	13
1106	1
2507	1
1007	2
778	2
1245	1
673	3
653	2
499	7
699	2
415	10
575	7
1470	2
594	5
367	12
1443	1
754	2
559	6
462	9
1376	2
1266	1
583	3
5367	1
62268	1
1345	1
27774	1
1284	1
654	3
7319	1
605	6
390	13
622	4
1512	1
5630	1
5092	1
1397	1
591	4
719	4
7222	1
663	3
441	9
1190	1
667	4
645	3
428	7
7872	1
535	5
769	4
451	6
790	3
511	8
433	7
555	9
630	3
370	15
1972	1
854	2
320	12
1053	2
1001	2
484	6
1013	1
401	11
1546	1
600	5
378	18
3080	1
737	2
566	5
34978	1
92679	1
15263	1
27043	1
24622	1
63025	1
1087	1
6559	1
1380	1
2900	1
761	2
797	2
637	2
703	3
547	8
5167	1
749	3
459	5
330	21
492	8
561	4
514	7
519	7
447	10
540	6
613	4
976	1
570	5
903	2
785	1
733	2
869	2
2557	1
2124	1
552	5
546	4
658	2
351	13
760	2
5342	1
640	3
503	9
609	3
20064	1
7040	1
37783	1
81284	1
17301	1
18990	1
55047	1
3702	1
2202	1
2394	1
9538	1
6030	1
839	1
1065	2
636	4
2551	1
1225	1
527	8
1615	2
2419	1
1022	1
577	4
1162	2
225678	1
11104	1
25725	1
944	1
691	3
19408	1
26324	1
1003	2
226526	1
58984	1
1310	1
41876	1
2299	1
7427	1
558	4
460	8
623	4
1224	1
582	4
641	3
949	1
9155	1
946	2
682	2
1238	1
1668	1
504	6
1096	3
2086	1
585	5
413	12
1147	2
1501	3
863	1
1614	1
1019	1
497	5
616	3
544	2
1132	2
628	4
1040	1
423	11
718	2
3320	1
43515	1
6169	1
7817	1
22061	1
32423	1
3643	1
9260	1
2096	1
9426	1
18826	1
1804	1
1125	1
3769	1
38506	1
720	4
11620	1
31020	1
35091	1
1833	1
12861	1
29889	1
24019	1
10258	1
4311	1
22870	1
716	2
517	3
697	3
1753	1
704	2
563	5
31050	1
11267	1
15769	1
86339	1
775	3
1280	1
735	2
1180	1
2779	1
602	3
610	6
1182	2
405	9
1423	1
520	6
612	3
884	2
1482	1
1969	1
603	5
2068	1
652	4
743	2
764	2
599	3
247266	1
3913	1
63408	1
61035	1
157942	1
2522	1
710	3
472	5
2151	1
767	1
2893	1
33252	1
4497	1
35731	1
186980	1
22308	1
23029	1
1326	1
804	3
1028	1
2955	1
982	2
753	1
1097	1
1786	1
1334	1
1145	1
607	4
7109	1
1685	1
758	1
573	4
926	2
635	1
1011	2
1493	1
1175	1
556	4
500	4
587	4
1542	2
601	3
782	1
669	1
1367	1
6251	1
1978	1
892	2
917	1
7700	1
1561	2
596	1
574	3
456	4
709	1
904	2
1375	1
9110	1
1382	1
2125	1
997	1
1348	1
967	3
794	2
632	3
7541	1
851	1
644	4
1920	1
1062	1
1255	1
1748	1
1045	1
844	1
812	1
505	3
1197	2
1047	1
643	3
7087	1
1102	1
1799	1
989	1
860	1
777	4
2666	1
2284	1
5492	1
902	1
541	8
506	2
931	1
746	1
408	10
1158	1
3629	1
694	2
932	2
42582	1
1109	1
683	1
508	2
3168	1
823	2
751	2
565	4
1948	1
836	4
611	3
711	1
973	1
671	4
521	4
7208	1
801	4
1208	1
43140	1
57375	1
13004	1
9904	1
35482	1
10559	1
26849	1
63089	1
5350	1
1032	1
678	4
908	2
1259	1
6017	1
942	1
852	2
14692	1
2676	1
1936	1
3043	1
2092	6
16432	1
7047	1
3283	1
1680	1
1252	1
7462	1
1123	1
1592	1
1016	1
670	2
2437	1
7091	1
11656	1
5246	1
26683	1
832	1
525	6
4495	1
791	1
38725	1
15624	1
104144	1
44408	1
45266	1
25729	1
978	1
48867	1
22290	1
7501	1
696	3
31696	1
1476	1
78872	1
1166	1
119915	1
1126	1
37668	1
933	2
1148	1
13137	1
143585	1
122041	1
37901	1
615	3
1021	2
11634	1
5981	1
53353	1
70741	1
662	2
789	1
739	4
692	1
822	2
1056	3
734	1
977	1
606	5
962	1
1659	1
1464	1
700	1
64648	1
119722	1
21289	1
50129	1
714	1
687	1
604	5
923	2
3147	1
424	7
60914	1
803	2
864	1
10471	1
1467	1
346158	1
10613	1
3591	1
26428	1
1343	1
899	1
18031	1
8837	1
961	2
1597	1
56366	1
60391	1
828	2
1618	1
105583	1
19851	1
72542	1
138702	1
646	3
50926	1
11478	1
4744	1
38646	1
695	3
840	2
1027	1
9249	1
846	1
830	1
581	2
7544	1
742	2
880	5
766	1
617	3
857	1
3150	1
1204	2
1402	1
827	1
1201	1
800	2
5253	1
523	2
1666	2
647	4
763	1
959	1
4450	1
1496	1
1083	1
765	1
1005	1
1573	1
952	1
727	1
1320	1
1312	1
1202	1
4562	1
1285	1
843	1
10243	1
1291	1
8731	1
3551	1
7084	1
1912	1
1168	1
698	2
4516	1
2814	1
2687	1
10760	1
909	3
1228	1
1064	1
9738	1
4103	1
1051	1
889	3
2892	1
10894	1
11694	1
21653	1
1249	2
2025	1
10336	1
937	1
1492	2
4006	1
2342	1
2205	1
1629	1
5465	1
1057	1
4685	1
6573	1
1344	1
47327	1
2336	1
1324	1
1054	1
1025	3
821	1
795	1
4704	1
2369	1
1052	1
638	1
1308	1
1447	1
1330	2
1777	1
798	1
1131	1
975	1
4803	1
707	1
1181	1
868	1
1186	1
8361	1
809	2
759	1
1545	1
7144	1
4964	1
13865	1
786	1
1211	1
9317	1
8076	1
42505	1
1034	1
6595	1
2287	1
1958	1
1258	1
28504	1
24377	1
50086	1
891	1
32766	1
1029	2
7409	1
20467	1
44319	1
17109	1
46359	1
26241	1
45796	1
5789	1
779	2
16393	1
61505	1
47047	1
61853	1
70033	1
22228	1
1176	1
522	3
37992	1
964	2
5307	1
50073	1
3370	1
12549	1
28636	1
36556	1
2263	1
1155	1
966	1
668	1
1115	1
1709	1
1796	2
1471	1
787	1
1775	1
1981	1
1630	1
1728	1
1283	1
1281	1
2234	1
813	1
651	1
907	1
757	2
1159	1
957	2
927	1
1042	1
1209	1
914	2
1242	1
1289	1
4977	1
951	1
1038	1
1469	1
686	2
550	2
866	2
780	2
3180	1
7461	1
2332	1
25564	1
1557	1
35301	1
2765	1
3042	1
1105	1
684	1
14714	1
36265	1
1299	1
648	3
1163	1
842	1
107056	1
1035	1
1575	1
1671	2
1722	1
1079	1
894	1
1030	1
618	2
752	2
1071	1
1365	2
705	1
655	1
3829	1
1046	1
557	2
2403	1
1262	1
970	1
717	1
945	1
302232	1
2157	1
13006	1
58606	1
1331	1
768	1
10101	1
20723	1
2441	1
14625	1
30804	1
47780	1
42421	1
1526	1
1593	1
1338	1
1328	1
674	1
996	2
781	1
2511	1
15802	1
27874	1
736	1
24359	1
38968	1
44656	1
23125	1
25588	1
3339	1
8380	1
167709	1
97975	1
19324	1
30253	1
5449	1
190916	1
4209	1
865	1
1622	1
7159	1
5327	1
1315	1
1909	1
1270	1
897	1
1199	1
6343	1
1341	1
2103	1
826	1
1662	1
1203	1
1316	1
3162	1
920	2
1304	1
1934	1
4940	1
1142	1
4732	1
3220	1
7662	1
1591	1
1085	1
756	1
820	2
2296	1
1532	1
5405	1
929	1
1713	1
747	1
925	1
870	1
1987	1
2936	1
675	1
1276	1
730	1
5563	1
1660	1
1694	1
1522	1
1151	1
713	1
34587	1
1976	1
859	1
1111	1
1386	1
1485	1
1017	1
2109	1
1436	1
1711	1
4815	1
36288	1
1206	1
95513	1
18625	1
35936	1
2856	1
619596	1
123049	1
125399	1
5103	1
12542	1
8078	1
2384	1
56778	1
1897	1
1136	1
2985	1
30938	1
132340	1
2752	1
6412	1
37092	1
102748	1
16252	1
7149	1
1733	1
11201	1
3757	1
1727	1
10877	1
5747	1
237693	1
6482	1
7683	1
853	1
44797	1
1185	1
20824	1
16079	1
118070	1
53902	1
16958	1
63031	1
##DELETIONS
#len	count
