###CHROM 2R
2R	1	25286936	372931	25286936	99648	356336	7272860	5395216	5376598	7235562

##STATS
#A	C	G	T	CpGs
7272860	5395216	5376598	7235562	356336
#y	N	AC	AG	AT	CA	CG	CT	GA	GC	GT	TA	TC	TG
372931	25286936	25126	57056	34753	17588	15096	35865	36867	15435	17448	34906	57660	25131
#yCpG	NCpG	CA	CG	CT	GA	GC	GT
99648	356336	12798	11265	25483	26236	11347	12519
##INSERTIONS
#len	count
29452	1
51	487
2	3850
19	1277
35	732
11	1790
60	402
15	1599
14	1641
10	1824
5383	1
3	2960
4	2482
44060	1
447	7
16	1485
1037	1
55	441
1	6931
93	179
33	772
96	194
8	1963
14444	1
45	583
9	1964
20	1205
13	1569
22	1146
6	2288
7	2038
29	898
34	767
12	1684
24	1046
53	482
836	4
193130	1
81	273
62	418
42	641
5	2287
37	729
367	9
56685	1
140	116
13666	1
76	281
982	2
77	289
28	942
110	165
25	1033
29724	1
11782	1
32	878
32982	1
9810	1
897	1
24851	1
163	72
19404	1
194	52
123	109
51388	1
133	103
13787	1
411	9
17	1456
26	979
17029	1
128	103
63040	1
192	54
63437	1
65667	1
25479	1
6188	1
27	960
18	1325
23	1165
30	916
50610	1
70955	1
69	291
38973	1
39	689
185882	1
21	1078
790	1
36	711
109778	1
206	41
137	111
114	134
26501	1
10257	1
41378	1
146	70
24533	1
52	488
97	188
44	599
89	196
73	301
328	18
44230	1
22732	1
1560	1
76143	1
57	450
115	125
4815	1
69206	1
1274	1
149	96
2381	1
523	3
21809	1
113183	1
30387	1
78	265
9935	1
6305	1
28390	1
161	68
74	285
82	238
130	97
91219	1
137874	1
198	46
20036	1
1421	1
31	859
10608	1
10742	1
284236	1
1193	1
234	27
84	221
4693	1
250	23
119683	1
43	625
26393	1
125	103
65	354
68600	1
41	612
209654	1
107	168
29075	1
59	403
40	653
46121	1
86	252
38	730
924	1
3393	1
182816	1
544	4
142	100
9317	1
291	17
66	381
13326	1
8116	1
9979	1
104	142
87	203
102	165
14689	1
14010	1
178070	1
48	603
342	8
67	321
17293	1
365	7
207	47
111	152
134	90
134232	1
54233	1
663	1
286	33
530	4
30658	1
306	19
343556	1
58	440
3814	1
126	109
12784	1
13639	1
168	69
54	448
5069	1
212	31
3898	1
208	30
209805	1
32674	1
136419	1
241	22
13393	1
4881	1
232	30
47	554
839	2
3959	1
3175	1
407	9
27112	1
70402	1
8517	1
109	150
112	128
200	33
64	405
11495	1
75766	1
147	87
12515	1
747	2
2116	1
15115	1
613	1
42826	1
13043	1
152	75
29819	1
91	207
4127	1
310	15
1667	1
18253	1
224	35
141	106
88	213
1926	1
165	69
2833	1
1315	1
360	11
6057	1
4470	1
124	123
7055	1
2210	1
1192	1
2751	1
188	31
370	6
245	22
2037	1
113	138
70	318
49	502
51918	1
3060	1
29414	1
63	365
71	308
271952	1
22299	1
2679	1
83	242
388	8
48419	1
6891	1
326	15
636	2
889	4
2287	1
258	25
582	5
50	469
5138	1
1455	1
798	1
315	11
435	6
1136	1
1512	2
154	94
6185	1
176	66
1305	1
4801	1
21819	1
139	92
2553	2
288	19
3342	1
4568	1
8618	1
7437	1
173	64
11153	1
74432	1
105	167
460	1
18498	1
95	205
145	72
39331	1
157	68
179	53
667	2
1661	1
363	8
79	246
289	15
2649	1
182	57
801	2
2518	1
10082	1
1188	1
2860	1
275	29
68	369
3563	1
1849	2
46	589
502	5
5153	1
72	293
136	92
16055	1
33993	1
953	2
42331	1
56798	1
99	195
2234	1
627	2
512	2
392	12
30464	1
53931	1
5991	1
933	1
199	44
683	2
290	14
325	12
106	155
1264	1
56	448
248	28
829	1
6024	1
135	90
85	229
185	50
859	4
5206	1
143	88
61	415
216	29
3599	1
121	134
100	186
151	81
80	257
92	194
98	180
2112	1
75	248
377	8
1378	1
231	30
406	10
150	76
415	4
204	53
101	156
1011	2
662	2
261	24
598	2
19083	1
645	4
771	2
9565	1
2142	1
269	18
5047	1
120	116
2576	1
156	76
1331	1
119	117
131	97
577	7
2161	1
160	64
90	205
129	102
271	25
196	43
177	64
118	133
263	26
259	29
236	25
327	8
463	4
240	30
300	14
164	63
438	7
413	5
383	11
162	60
180	63
116	119
148	66
376	6
138	89
117	136
218	27
94	214
741	1
476	5
355	13
217	49
841	1
374	8
183	45
439	8
468	3
190	42
421	2
390	4
2213	1
144	66
166	67
780	2
6263	1
375	6
437	6
954	2
191	57
132	97
703	2
433	6
1571	1
201	44
237	29
329	10
189	53
223	28
412	5
249	26
174	58
8235	1
108	167
175	50
333	13
319	19
1608	1
352	9
210	29
1551	1
833	2
203	46
1622	1
193	40
1226	1
2478	1
7583	1
6958	1
571	1
335	15
233	30
3461	1
2362	1
359	7
826	2
103	181
420	6
464	4
1182	2
697	2
537	5
739	2
456	3
1112	1
819	1
219	40
465	7
395	5
550	2
159	76
578	4
932	1
696	1
307	15
971	1
170	57
320	15
429	8
485	6
1709	1
172	58
842	1
209	45
2589	1
1034	1
1106	1
542	1
1944	1
215	38
1210	2
181	59
521	5
1456	1
436	5
497	3
322	19
293	12
129024	1
386	9
2244	1
247	29
549	3
60177	1
50275	1
34159	1
2212	1
12839	1
110593	1
157089	1
17218	1
1402	2
169	61
297	15
46653	1
3142	1
678	1
7872	1
222	33
214	39
1384	2
27488	1
1999	1
141699	1
11807	1
225	23
357	10
8178	1
692	1
187	46
59988	1
1198	1
63578	1
220	35
158	87
116101	1
657	2
200581	1
2782	2
336	8
1053	1
3083	1
2263	1
5175	1
708	1
759	2
59666	1
33745	1
273	24
332	16
66194	1
186	43
1007	2
356	10
443	5
213	33
153	74
266	26
603	2
122	126
519	2
501	4
244	23
274	11
854	3
372	8
195	47
751	2
417	12
211	41
364	9
344	12
318	14
251	31
674	2
309	15
221	31
228	32
316	11
576	2
155	76
585	3
229	30
127	100
299	16
323	11
547	8
267	17
296	12
301	19
312	17
5979	1
440	6
305	22
398	8
400	4
255	26
379	6
666	1
427	5
167	63
302	7
876	2
371	8
287	13
1275	1
205	34
239	29
2229	1
343	11
202	50
432	7
337	17
292	20
197	39
256	20
171	75
644	3
338	15
382	13
178	57
1040	1
330	10
508	3
230	26
268	16
283	14
814	1
311	11
321	9
518	3
298	17
358	14
404	3
448	8
317	11
262	25
295	24
409	6
557	4
2169	1
706	2
2990	1
227	37
29875	1
64566	1
385	9
226	40
524	5
242	28
340	10
282	25
444	6
257	21
507	4
781	1
458	1
1016	1
279	19
599	1
665	1
560	5
758	3
1242	1
454	5
434	6
276	17
184	58
280	24
270	17
243	38
581	4
1069	1
2111	1
391	6
384	13
410	10
596	3
422	5
515	2
260	28
649	2
615	1
264	13
43171	1
2121	1
23811	1
11538	1
56277	1
1337	1
3046	1
3782	1
199720	1
12316	1
2014	1
802	1
265	17
1267	1
2561	1
446	8
743	2
3243	1
787	1
253	24
15414	1
62893	1
12182	1
4104	1
56341	1
49600	1
14692	1
8191	1
5459	1
11615	1
399	2
426	3
235	29
6713	1
246	23
252	28
488	2
278	17
285	14
281	15
452	2
314	10
774	2
484	4
540	3
655	2
480	11
424	7
525	2
2721	2
960	1
979	1
722	1
528	4
366	11
632	3
534	5
637	2
880	1
526	3
334	17
552	4
272	28
277	20
565	3
346	11
414	6
313	17
656	1
765	1
393	7
471	3
482	3
396	9
650	2
345	11
621	3
837	2
1118	1
536	2
394	9
639	5
431	7
331	7
6557	1
389	7
1592	1
672	1
349	12
607	1
351	12
238	22
401	7
511	3
368	6
795	1
493	3
669	2
402	6
284	14
640	2
9103	1
294	13
304	8
347	12
378	11
643	4
1176	1
486	4
475	5
442	7
492	6
29061	1
1908	1
98824	1
2465	1
3304	1
28356	1
11313	1
818	1
1399	1
1189	2
97683	1
1759	1
50483	1
52452	1
80832	1
1521	1
74281	1
16278	1
593	3
1177	1
491	3
408	9
694	2
784	1
848	2
7093	1
611	3
381	3
699	2
362	5
495	4
353	9
648	1
1630	1
354	2
852	2
529	4
453	4
339	7
591	1
474	2
601	2
9157	1
361	7
341	9
369	6
428	3
531	3
397	8
700	2
473	5
479	8
610	3
899	1
539	5
777	1
461	3
556	2
630	2
380	8
506	4
752	2
303	18
573	1
1656	1
1159	1
2441	1
1015	1
9361	1
430	7
97235	1
180665	1
89780	1
6307	1
55130	1
8289	1
3102	1
946	2
349720	1
1245	1
2445	1
642	4
902	1
3017	1
52856	1
1147	1
855	1
22093	1
4684	1
3285	1
628	2
240097	1
191928	1
77582	1
874	1
36851	1
11853	1
37750	1
6616	1
1989	1
2082	1
22525	1
619	1
39971	1
146768	1
1166	1
869	1
732	2
1300	2
418	11
677	1
513	4
789	2
527	2
2413	1
1003	1
588	2
958	1
445	7
843	1
510	3
1626	1
794	1
579	3
254	18
308	12
1806	1
2202	1
575	4
541	2
872	2
773	2
477	3
569	2
500	3
348	6
806	2
930	1
489	4
682	3
580	1
1073	1
450	3
1273	1
693	1
403	2
8863	1
350	4
702	1
647	3
8351	1
661	2
5125	1
441	8
724	1
726	3
6149	1
416	6
494	3
604	3
522	2
600	1
1150	1
589	3
719	1
716	1
2708	1
490	4
602	2
2230	1
712	2
862	1
19792	1
324	9
1347	1
955	2
4752	1
964	1
616	2
498	3
831	2
459	3
1080	2
2104	1
543	2
646	4
614	1
509	2
904	1
566	1
457	4
551	3
731	1
900	2
2332	1
517	2
559	3
481	4
676	2
568	2
387	6
797	1
496	2
1050	1
449	3
1132	1
478	3
467	7
7893	1
423	4
373	6
451	3
733	1
629	2
1976	2
583	2
538	3
567	3
868	3
535	1
14415	1
1644	1
548	3
597	1
992	1
425	3
957	1
469	1
32266	1
17447	1
89682	1
1882	1
21077	1
761	1
5183	1
8487	1
3981	1
9954	1
96936	1
59779	1
56379	1
1375	1
3792	1
10326	1
3372	1
8004	1
86580	1
1968	1
1090	1
8340	1
1121	1
405	5
956	1
52983	1
2129	1
33071	1
470	4
1103	1
90082	1
72885	1
2522	1
695	1
749	2
163548	1
89993	1
1746	1
572	2
85412	1
117771	1
4545	1
2310	1
28310	1
5328	1
23485	1
7195	1
107366	1
7192	1
1463	1
17620	1
44323	1
98741	1
1046	1
1059	1
94569	1
54991	1
851	2
5099	1
46893	1
168331	1
1586	1
6918	1
641	1
1061	1
1149	1
472	1
455	3
660	2
651	1
563	1
5326	1
967	1
1181	1
1058	1
675	2
574	3
725	1
670	1
1601	1
673	1
972	1
689	1
1822	1
520	2
1009	1
546	3
555	2
710	3
635	1
1952	1
587	2
419	3
737	1
835	1
847	1
720	4
487	3
804	2
1391	2
554	2
4999	1
623	1
6479	1
1899	1
2065	1
5158	1
691	1
15788	1
807	1
16261	1
1543	1
3574	1
15230	1
516	3
9237	1
1350	1
8964	1
2759	1
17176	1
3052	1
620	2
45993	1
483	2
1139	1
756	1
609	1
679	2
688	1
1316	1
590	1
887	1
1497	1
755	2
466	1
1494	1
624	2
877	1
1351	1
684	1
1099	1
1047	1
592	1
5488	1
4202	1
707	1
1461	1
723	1
226981	1
5280	1
217144	1
24305	1
564	2
772	4
1110	2
686	1
1934	1
558	1
514	2
1902	1
1813	1
3344	1
653	2
41611	1
7284	1
6031	1
23588	1
8685	1
44680	1
2743	1
50565	1
922	1
2764	1
81995	1
37588	1
10123	1
42029	1
6990	1
1143	1
1972	1
2100	1
2286	1
7905	1
13483	1
827	1
34826	1
103692	1
274078	1
736	2
840	1
2531	1
994	1
89139	1
3058	1
14113	1
10650	1
717	1
775	1
705	1
9129	1
714	1
1388	1
738	2
4800	1
1975	1
5208	1
1017	2
618	1
570	1
903	2
926	2
822	1
584	1
2893	1
654	1
805	1
29885	2
52736	1
981	1
18877	1
97042	1
168873	1
137217	1
861	1
17032	1
32294	1
24512	1
13090	1
1491	1
19906	1
28398	1
6403	1
15994	1
834	1
18044	1
7779	1
26564	1
62754	1
56799	1
9373	1
140012	1
612	1
659	1
1049	1
1749	1
35891	1
2562	1
1309	1
1777	1
7403	1
2722	1
36585	1
6981	1
824	1
73715	1
42782	1
54125	1
18347	1
20622	1
13315	1
43526	1
4996	1
8082	1
26514	1
41938	1
1619	1
3169	1
3540	1
47158	1
22621	1
13592	1
10534	1
114219	1
11657	1
1056	1
1044	1
735	2
742	1
1790	1
1536	1
3472	1
24357	1
11948	1
52651	1
3612	1
104790	1
59216	1
76749	1
2418	1
22255	1
10726	1
1345	1
30073	1
2318	1
1468	1
1180	1
595	1
985	1
744	1
681	1
978	1
7860	1
671	1
846	2
786	1
1055	1
879	1
462	1
782	1
1701	1
1002	1
715	1
871	1
704	1
162419	1
4328	1
2512	1
3126	1
4324	1
4724	1
19218	1
113899	1
1074	1
949	1
7548	1
951	1
533	1
7706	1
608	1
157027	1
12673	1
22713	1
95084	1
75096	1
52502	1
873	1
1620	1
727	1
18078	1
##DELETIONS
#len	count
