###CHROM 2L
2L	1	23513712	480040	23513712	116121	418190	6853032	4912017	4912383	6836080

##STATS
#A	C	G	T	CpGs
6853032	4912017	4912383	6836080	418190
#y	N	AC	AG	AT	CA	CG	CT	GA	GC	GT	TA	TC	TG
480040	23513712	32300	74706	48312	21646	18364	44865	45279	18479	21653	47434	74523	32479
#yCpG	NCpG	CA	CG	CT	GA	GC	GT
116121	418190	14839	12971	30043	30353	13198	14717
##INSERTIONS
#len	count
7531	1
46	782
4	2770
24	1403
149	114
13	2192
16	1922
5	2703
31	1142
134	146
74	394
8176	1
25	1428
8	2562
2754	1
73827	1
128	124
23	1543
41	885
63	531
276	27
1	7266
29	1206
73	423
59	567
9	2426
2	3882
201	59
344	11
12	2229
7	2542
105	240
26	1328
6	2665
78	393
21	1622
615	4
17	1865
15	2021
14	2093
19	1684
202	64
39	906
32	1098
51	672
97	252
89	305
18	1787
135	110
113	168
22	1611
106	225
3	3185
61	537
87	305
35	1035
297	21
52	706
209	50
38	955
88	289
278	39
123	178
27	1354
58	584
40	921
160	81
20	1703
169	79
28	1244
81	357
33	1105
42	847
53	634
174	81
47	742
65	472
30	1158
56	590
49	675
60	531
98	291
66	512
67	489
54	628
136	140
130	134
151	107
62	555
226	47
55	624
293	23
133	112
116	195
45	721
43	859
2602	2
69	439
11	2313
70	446
10	2317
48	692
145	80
200	61
91	296
86	318
82	338
75	386
95	279
50	682
37	971
313	20
184	81
161	98
84	343
102	262
34	1024
109	201
360	9
365	13
177	59
147	112
114	179
152	111
327	14
322	23
71	440
212	53
118	189
307	15
246	35
176	75
99	243
129	133
90	305
526	4
422	6
156	95
137	134
589	3
122	176
44	805
625	3
79	361
314	15
157	93
343	15
96	252
277	23
185	61
503	3
107	222
211	57
126	161
64	503
141	116
143	124
165	81
140	115
239	28
77	390
57	596
144	109
542	2
191	77
101	264
19763	1
193986	1
684	1
1428	1
2867	1
5104	1
243322	1
92	232
166	66
234	34
1038	1
103010	1
159	111
244	39
382	8
56815	1
718	1
65374	1
8412	1
112	179
1868	1
2416	1
10724	1
6239	1
14212	1
138	126
173	76
12393	1
172	80
241	31
104	226
83	330
89744	1
689	2
125	142
127	172
131	128
72	359
36	965
261	28
287	27
494	4
262	17
373	11
183	68
274	27
76	339
292	16
132	142
377	7
260	26
121	164
208	51
707	1
410	8
153	108
178	70
205	59
148	115
402	13
68	508
93	307
224	44
110	211
163	82
103	228
85	331
192	58
223	36
326	19
218	37
253	35
335	9
279	18
117	186
281	25
100	256
284	33
171	91
197	53
139	108
168	83
155	94
457	7
471	8
170	105
124	170
120	151
150	107
94	284
167	87
119	187
306	21
80	373
349	23
466	4
264	29
193	49
206	50
308	14
325	18
258	28
367	13
438	13
376	8
164	103
154	101
541	5
406	8
412	8
401	6
677	2
204	51
181	68
108	224
188	77
301	25
273	25
189	70
660	1
216	49
340	17
111	224
300	24
210	50
303	23
198	54
227	34
316	27
115	179
356	9
182	60
196	57
220	55
229	43
437	7
372	16
366	10
142	126
350	12
855	2
114227	1
4872	1
180	68
285	15
265	31
1085	1
53781	1
648	1
1415	1
591	2
409	11
158	102
42532	1
1294	1
2048	1
187	63
2147	1
1647	1
1195	1
82762	1
3674	1
983	3
3942	1
3464	1
475	4
336	15
408	10
415	9
231	45
354	11
667	3
194	40
643	1
6611	1
220879	1
341	16
291	23
232	36
195	63
697	1
190	82
566	4
242	32
203	55
465	3
199	70
175	76
557	5
606	1
213	46
348	26
162	75
560	2
233	38
214	38
491	3
948	2
271	21
423	11
225	51
146	102
217	54
259	33
207	60
249	32
215	58
323	17
512	5
403	14
29707	1
1244	1
850	2
428	4
385	13
299	22
392	9
380	7
179	69
250	29
288	25
424	4
290	29
458	4
1844	1
257	29
357	14
318	23
254	23
298	16
243	36
256	21
732	2
309	26
358	11
222	38
248	32
330	15
228	39
463	4
333	16
315	14
529	2
332	21
453	8
275	22
637	4
238	40
236	32
353	16
434	12
230	39
395	9
1302	3
302	17
267	24
266	23
492	5
521	7
479	1
282	29
252	28
263	34
581	2
486	7
280	20
592	2
351	11
536	6
331	17
339	15
510	5
903	1
312	15
9282	1
431	6
7707	1
311	17
414	11
268	23
813	1
361	10
362	9
547	9
1156	1
328	12
840	1
255	36
478	6
295	24
567	2
745	2
374	11
550	2
586	2
430	8
305	17
594	3
237	31
286	25
338	9
310	20
582	4
534	4
498	3
272	26
245	35
3637	1
1040	1
613	3
251	38
568	4
247	37
525	4
902	1
334	18
2023	1
294	27
411	12
5324	1
538	2
359	13
440	5
219	32
616	3
388	7
763	2
296	17
672	1
470	5
476	9
622	6
30288	1
4254	1
146951	1
6059	1
6195	1
41132	1
11320	1
1359	1
1132	3
441	12
11376	1
872	1
4650	1
519	4
2207	1
778	4
62585	1
14486	1
837	2
29544	1
398	10
485	6
53680	1
656	2
737	3
167312	1
417	7
946	1
416	7
595	3
450	4
897	2
396	10
418	10
630	2
186	49
678	4
270	22
928	2
502	6
5282	1
781	3
235	31
221	56
1091	1
527	5
1251	2
552	2
389	6
363	12
347	11
393	9
4281	1
9069	1
11659	1
1819	1
13566	1
48918	1
9198	1
442	6
371	14
2809	1
73157	1
10150	1
2792	1
2068	1
5330	1
614	5
1499	1
65565	1
20117	1
14876	1
56987	1
3275	1
54436	1
135152	1
723	1
64620	1
1182	2
3029	1
120477	1
5085	1
744	1
3930	1
2457	1
3553	1
156012	1
12759	1
3065	1
2071	1
2966	1
63789	1
599	3
17273	1
1073	1
2999	1
10552	1
1439	1
468	4
535	3
1375	1
2361	1
337	11
2101	1
499	4
1143	1
700	1
851	2
843	2
600	4
426	11
733	1
501	5
523	2
783	2
391	8
420	9
954	1
821	2
452	6
619	5
579	3
633	4
384	11
517	5
329	15
627	4
447	7
587	2
446	10
497	7
46259	1
67537	1
114805	1
154699	1
283	28
2672	1
564	5
324	14
101355	1
483	2
364	18
109171	1
449	4
460	6
11431	1
8366	1
39799	1
757	2
2536	1
13738	1
472	9
2262	1
20422	1
13993	1
375	6
576	2
857	3
669	4
113537	1
817	3
1654	2
304	17
369	11
52067	1
1779	2
342	12
899	1
528	2
276175	1
3240	1
3420	1
2348	1
9713	1
626	2
386	7
321	18
516	6
387	12
556	6
624	4
580	6
481	4
685	2
997	3
635	5
317	15
500	6
756	2
464	7
4520	1
352	9
487	4
507	4
539	3
651	2
995	2
462	2
370	14
2126	1
887	4
4777	1
319	20
1005	1
2073	1
670	4
346	13
646	4
429	6
819	1
444	3
9498	1
443	4
544	4
511	7
480	5
320	9
792	1
240	29
404	7
1733	1
379	7
1117	2
1092	2
570	2
1119	1
1001	1
474	9
405	9
715	1
381	9
812	2
1188	1
467	5
345	12
531	1
558	2
895	1
875	1
1350	1
1027	2
1865	1
419	4
1185	1
2923	1
482	5
1147	1
400	6
1107	1
957	2
569	2
740	1
809	1
1877	2
959	1
1205	1
5433	1
1123	1
601	3
774	1
399	8
1931	1
798	1
425	10
269	24
355	13
537	1
413	4
860	3
2859	1
728	1
1374	3
956	1
702	2
658	1
609	1
900	2
871	3
602	4
3013	1
397	9
1480	1
1492	2
771	4
1237	1
14011	1
555	5
698	2
597	5
641	3
578	1
1549	1
1616	1
724	3
2150	1
11108	1
445	5
10620	1
19776	1
50896	1
427	5
654	2
735	1
506	4
618	3
908	1
514	3
1866	1
577	3
14442	1
29854	1
5826	1
1795	1
289	12
378	6
456	4
469	6
524	4
436	7
548	4
663	2
704	2
459	5
6153	1
461	3
906	2
692	1
726	2
488	4
806	1
25452	1
31351	1
695	2
25789	1
1124	2
1699	1
2021	1
473	5
688	1
1161	1
642	2
585	2
639	5
394	10
604	2
734	2
752	2
1264	1
574	1
490	6
636	2
682	4
950	1
7153	1
1736	1
758	2
439	7
432	5
1166	1
477	2
1959	1
2608	1
495	2
1021	1
454	4
694	3
520	3
638	2
1853	1
827	1
751	2
368	9
1248	1
533	4
435	4
1451	1
7024	1
433	3
540	3
10098	1
828	4
914	3
766	1
727	1
562	1
916	2
1084	1
862	1
759	2
5392	1
907	1
50836	1
1778	1
841	2
947	1
7652	1
513	5
2832	1
28462	1
2463	1
1533	2
98388	1
28549	1
153868	1
5509	1
1472	1
81942	1
2271	1
7419	1
791	1
2080	1
162402	1
554	3
565	5
7655	1
662	2
1517	2
4791	1
559	5
612	3
896	1
770	2
2188	1
2982	1
739	1
522	3
710	1
407	7
553	2
659	3
390	2
742	2
653	2
1079	1
515	3
852	1
711	1
674	2
835	3
755	2
1098	1
703	4
605	1
1636	1
545	2
532	4
25127	1
18786	1
1539	2
3056	1
79147	1
769	3
20553	1
15432	1
54205	1
24191	1
6522	1
1037	2
35796	1
16437	1
13206	1
120625	1
3731	1
4448	1
28949	1
28705	1
18333	1
22693	1
696	2
2564	1
753	1
1962	1
623	2
14440	1
29067	1
116386	1
70888	1
1059	2
6116	1
3523	1
1484	1
17600	1
5478	1
10239	1
17717	1
1305	1
138754	1
8249	1
4027	1
1497	1
2210	1
1080	2
863	1
40613	1
10830	1
571	6
8477	1
10968	1
608	4
448	1
1198	1
3927	2
1967	1
5384	1
2387	1
776	1
1926	1
644	2
2392	1
455	2
7397	1
5245	1
1238	1
1456	1
496	3
572	2
1044	2
7425	1
561	3
1496	1
665	1
620	2
1674	1
1163	1
705	1
2996	1
484	2
878	1
1628	1
573	4
1012	2
657	1
6379	1
451	7
1047	2
825	1
782	2
575	4
921	2
493	2
1240	1
1171	1
6154	1
986	1
1504	2
4730	1
4759	1
489	5
7529	1
3784	1
1698	1
7512	1
779	1
505	2
421	4
629	1
699	1
823	1
509	4
603	2
2621	1
583	3
1016	1
867	1
772	2
713	1
738	1
988	1
4975	1
6562	1
830	1
546	3
518	2
5318	1
2524	1
8110	1
88799	1
9048	1
50355	1
2718	1
22809	1
44546	1
750	2
181857	1
2825	1
1852	1
5681	1
89622	1
265332	1
866	3
1452	1
652	1
3996	1
868	2
691	3
712	2
9231	1
761	1
1220	1
1930	1
937	1
3300	1
1744	1
5350	1
1911	1
504	1
676	1
2874	1
131117	1
44930	1
48411	1
3314	1
786	1
4100	1
864	1
584	3
7535	1
7163	1
4390	1
621	2
8803	1
655	3
1755	1
1168	1
3070	1
1468	2
797	1
925	1
1058	1
610	2
1991	1
1780	1
801	1
683	3
530	1
383	4
563	1
5746	1
551	1
7050	1
2050	1
668	1
777	1
3103	1
9935	1
5351	1
11668	1
17779	1
82202	1
69580	1
1929	1
4187	1
37841	1
1401	1
7089	1
588	2
935	1
693	2
898	1
649	1
1494	2
31144	1
9888	1
47465	1
1263	1
1483	1
1053	1
2950	1
90436	1
63581	1
10187	1
1215	1
16514	1
2574	1
2786	1
1417	1
51859	1
37484	1
51467	1
1455	1
19581	1
8101	1
13535	1
7183	1
1980	1
849	1
3179	1
89287	1
4924	1
84004	1
159536	1
1920	1
2161	2
15259	1
730	2
23981	1
30581	1
79446	1
1722	1
383080	1
17324	1
1167	1
54477	1
1664	1
978	2
964	2
845	1
1095	1
1135	1
824	3
890	1
4912	1
764	1
787	1
999	2
1065	2
2774	1
1632	1
839	2
4823	1
831	1
114966	1
804	3
7949	1
156348	1
1630	1
709	1
962	2
1638	1
721	1
7086	1
4582	1
6976	1
4227	1
2096	1
1082	1
805	1
9810	1
12136	1
68570	1
927	2
37578	1
3835	1
17621	1
87246	1
33337	1
4197	1
8455	1
40726	1
1898	1
3350	1
7799	1
2908	1
16279	1
741	1
549	1
21611	1
9503	1
3642	1
1045	1
2537	1
632	1
1815	2
930	1
1103	1
5047	1
76954	1
15466	1
85733	1
10126	1
156180	1
51968	1
38514	1
7827	1
666	1
3775	1
1057	1
7857	1
879	1
661	1
803	1
747	1
1211	1
1201	1
5220	1
1115	1
1160	1
2007	1
1381	1
4807	1
3666	1
8276	1
634	1
909	2
5659	1
938	1
701	1
1122	1
1274	1
1887	1
1097	1
810	1
4970	1
66923	1
14081	1
28627	1
59562	1
11354	1
6042	1
179767	1
28272	1
989	1
940	1
1705	1
1750	1
1316	1
2408	1
9756	1
1644	1
1801	1
1330	1
1290	1
2624	1
6244	1
889	1
768	1
4212	1
932	1
1192	1
10942	1
832	1
904	1
1511	1
784	1
924	1
1490	1
1269	1
822	1
1074	1
2587	1
882	1
1042	1
874	1
706	2
3232	1
9191	1
729	1
1246	1
754	1
1090	1
939	1
1340	1
2715	1
3058	1
1179	1
1559	1
1605	1
1150	1
5272	1
4204	1
2330	1
1007	1
915	1
1500	1
43205	1
1424	1
71978	1
785	1
1597	1
10451	1
7424	1
1923	1
2391	1
3723	1
105499	1
861	1
23718	1
136311	1
2103	1
18519	1
28682	1
2954	1
56146	1
1391	1
28063	1
3517	1
11981	1
5645	1
24537	1
31811	1
4447	1
37200	1
131034	1
21278	1
664	1
210170	1
157319	1
3235	1
64704	1
63293	1
##DELETIONS
#len	count
