###CHROM 3R
3R	1	32079331	522535	32079331	136783	502786	9205526	6833716	6817898	9197619

##STATS
#A	C	G	T	CpGs
9205526	6833716	6817898	9197619	502786
#y	N	AC	AG	AT	CA	CG	CT	GA	GC	GT	TA	TC	TG
522535	32079331	35233	81474	51029	24006	20673	49208	49490	20617	23823	50548	81169	35265
#yCpG	NCpG	CA	CG	CT	GA	GC	GT
136783	502786	17540	15398	35489	35547	15623	17186
##INSERTIONS
#len	count
349567	1
214955	1
14	2318
3777	1
4292	2
4291	1
4293	1
10351	1
4	3362
10	2543
2	5064
7	2883
3	3923
12	2396
1	9325
8	2776
24	1516
134	136
37	1036
18	1956
33	1138
15	2144
32	1204
31	1274
9	2696
13	2343
19	1795
27	1413
564	5
17	2049
124983	1
21	1649
136	141
73	435
233	34
25	1546
533	6
80041	1
389	8
9584	1
79	413
179	73
93	304
62	514
64	547
4145	1
45	891
20	1791
34	1144
68	495
6	3017
38	1057
30	1280
5	3152
47	768
721	2
15440	1
28	1447
436789	1
49	758
562	5
129779	1
7797	1
2904	1
151	139
37084	1
36	1054
120	184
26	1384
46296	1
18811	1
115567	1
29	1362
54	711
100	269
595497	1
3819	1
56	661
7553	1
7589	1
92298	1
262	26
11	2558
66	522
5531	1
115060	1
61270	1
10252	1
72182	1
182	71
5250	1
56591	1
974	2
72	458
7282	1
17947	1
91	341
9918	1
12799	1
206864	1
143	123
123	161
290	26
64890	1
40725	1
153	112
28965	1
71	465
193	80
317	21
310	20
169	90
275	24
74718	1
44	915
12507	1
301	23
18797	1
354	21
879	2
160	123
57523	1
985	1
109	244
59	658
5265	1
994	3
140	161
58	605
5192	1
5256	1
12894	1
89568	1
137	138
16	2106
52	716
95	301
63	580
22	1695
39	1000
62302	1
941	1
25294	1
940	2
46	884
108	228
16885	1
6208	1
22834	1
15433	1
89	343
41	891
1497	1
236	36
544	5
16552	1
165618	1
144	138
23	1592
40336	1
35	1147
9335	1
7124	1
61235	1
80	397
6438	1
42	940
98163	1
74	489
69	498
141	129
604	5
12581	1
748	2
147246	1
286	21
70	464
793	2
476	5
252	39
132	138
273	29
339	15
9391	1
1291	1
3925	1
1230	1
86	354
67	521
146	155
643	4
84	360
29063	1
124	165
230	54
1467	1
1039	1
605	3
23969	1
53	735
83	366
235	43
2064	1
110	204
1685	1
7632	1
211	65
172	80
113	227
227	53
810	2
615	1
96	307
40	947
163	105
145	106
75	434
78	403
65	561
882	2
660	3
201	65
679	1
312	16
87	360
205	77
986	4
50	763
57	612
2536	1
3657	1
455	5
357	17
2340	1
250	44
99	275
975	2
229	48
48	790
360	17
2278	1
117	186
939	2
61	600
248	34
104	248
5961	1
485	8
82	369
685	3
119	187
60	627
115	201
222	44
102	251
207	60
90	340
258	32
261	35
2459	1
135	146
238	37
106	235
237	34
142	146
428	2
203	59
133	135
259	35
470	9
1355	1
887	1
495	7
199	72
159	108
81	351
88	332
191	62
188	65
194	53
1249	1
297	25
774	3
43	887
378	11
174	87
76	438
276	30
171	102
77	437
92	312
291	30
97	299
707	2
216	65
166	115
1275	1
217	51
103	262
196	70
55	691
190	66
105	273
355	23
131	154
340	17
440	11
85	367
254	41
429	13
189	76
554	5
263	41
730	3
383	12
7712	1
667	3
51	695
1038	1
118	214
6253	1
492	10
98	295
187	69
152	116
101	246
638	6
231	44
184	65
111	242
183	69
154	118
234	43
200	64
255	41
180	78
208	64
130	198
126	189
701	2
214	62
112	226
125	172
471	7
150	114
129	141
539	2
121	168
139	138
1214	2
387	14
107	237
346	26
306	23
149	125
128	172
517	3
498	3
212	61
185	69
161	93
311	21
1157	1
220	55
379	13
210	43
1408	1
402	13
228	53
293	18
625	1
407	15
384	11
148	118
167	102
698	3
213	56
308	26
138	160
1186	1
226	43
198	54
536	5
1584	1
94	294
177	95
413	13
209	61
127	178
635	5
122	190
155	101
630	2
1200	2
2027	1
278	37
982	1
165	97
242	45
620	3
186	65
527	7
8422	1
584	7
680	2
181	92
668	3
1082	1
905	3
206	63
780	1
555	6
697	4
552	4
969	3
328	13
528	11
168	88
461	7
488	6
170	95
1014	2
264	24
114	197
4977	1
805	3
373	10
740	2
243	36
284	25
195	70
403	8
1430	1
218	66
438	10
363	13
600	4
1208	2
223	50
452	10
331	24
313	21
585	11
116	167
323	17
158	106
147	127
281	26
437	7
204	62
2602	1
747	3
674	1
285	19
386	12
749	3
287	17
173	84
489	5
752	3
1390	1
540	4
609	3
348	19
486	9
2099	2
798	2
4346	1
513	6
314	17
623	3
307	18
4716	1
316	19
746	1
1500	2
767	2
162	85
9723	1
656	2
342	17
298	26
691	3
292	31
416	8
467	4
634	3
664	4
1363	1
565	3
553	3
299	28
266	38
743	2
164	99
1679	2
2387	1
741	2
202	59
197	61
1791	1
1116	2
431	8
302	18
433	9
309	18
1337	3
332	16
25676	1
771	2
2320	1
1659	1
22076	1
658	4
305	26
385	11
728	2
175	90
1532	1
365	15
582	5
176	82
2837	1
337	15
406	6
463	9
330	16
1103	2
232	45
4170	1
595	7
192	66
270	43
178	69
421	13
424	9
655	3
426	4
1389	1
345	12
265	40
282	31
343	15
156	113
366	18
244	32
404	8
351	15
279	28
221	46
1723	1
530	4
377	11
580	6
925	2
897	2
335	13
1161	2
5499	1
999	1
224	56
333	21
474	5
361	19
269	29
1410	1
251	33
303	23
1293	1
391	9
326	24
4250	1
550	4
1882	1
388	13
256	41
280	21
267	28
468	9
1377	2
239	43
329	18
334	29
529	2
964	2
315	22
646	5
785	2
300	20
710	3
1646	1
430	10
353	14
247	37
240	30
157	109
2133	1
558	6
1272	2
7380	1
823	1
1399	1
371	13
631	5
457	5
852	2
1300	1
453	6
2292	1
846	1
274	23
319	17
477	8
277	30
288	24
415	5
294	23
5214	1
586	4
374	12
466	7
587	5
760	3
257	32
249	29
443	8
395	10
376	16
546	3
641	1
425	6
6953	1
998	1
814	2
271	33
7423	1
370	19
225	31
577	5
423	9
5903	1
435	12
459	4
372	12
325	14
246	43
693	3
260	35
219	54
295	26
272	26
381	15
1419	1
750	2
639	3
434	9
503	8
1443	1
801	3
324	21
519	5
375	7
2126	1
439	4
241	31
511	4
821	1
1024	1
652	1
1025	1
1203	1
418	8
617	3
1804	1
283	23
551	4
320	9
1441	1
344	16
597	5
1712	1
1631	1
401	12
1465	2
304	19
215	43
502	4
318	21
650	2
356	18
501	3
927	1
5371	1
516	4
593	8
289	23
2002	1
1238	1
393	10
702	1
296	19
756	1
399	11
614	4
442	12
396	5
576	3
509	5
487	7
500	3
408	11
790	2
1319	1
7061	1
729	2
845	1
397	9
1273	2
368	21
456	10
599	7
490	7
766	3
567	1
436	5
497	6
522	7
692	1
589	3
688	5
400	6
651	3
478	1
621	2
454	5
571	5
1603	1
420	9
704	2
362	19
538	3
419	14
367	11
811	1
624	2
253	29
865	1
268	35
607	2
4961	1
920	1
245	23
612	2
699	3
504	8
783	2
703	4
915	1
645	2
427	7
411	10
1360	2
382	9
1320	1
834	4
945	2
1145	1
559	4
6189	1
535	4
1600	1
484	3
684	1
524	3
479	5
827	1
537	6
496	6
1149	2
1117	1
3485	1
764	2
922	1
380	12
358	10
449	7
608	2
494	5
506	6
412	10
666	2
414	7
521	5
1602	1
8525	1
980	2
1719	1
475	6
432	6
352	14
398	8
341	15
464	6
716	5
583	5
611	3
568	2
336	13
8701	1
1881	1
7443	1
733	2
719	1
632	4
364	12
409	11
864	1
543	2
712	3
878	2
872	3
616	3
327	15
613	1
542	7
525	4
349	18
480	7
505	2
926	1
997	1
1394	2
481	2
1035	1
25448	1
4231	1
162640	1
27207	1
6941	1
5951	1
21736	1
23305	1
67188	1
751	4
1365	1
37294	1
36006	1
545	5
657	2
856	1
390	7
1589	1
754	1
2010	1
618	1
451	6
626	2
556	8
338	11
347	8
1324	1
510	5
12908	1
41780	1
1347	1
791	1
706	3
1010	1
575	2
469	8
1110	1
594	3
669	1
770	5
659	2
573	3
744	2
369	15
422	5
441	7
5992	1
1070	1
601	6
561	2
491	3
1265	1
20972	1
3015	1
715	3
606	6
322	19
844	1
523	6
448	4
1530	1
2171	1
1580	1
2631	1
1112	1
417	10
541	6
4995	1
776	3
4583	1
1202	3
19177	1
483	7
7890	1
1086	2
520	3
460	5
588	5
662	2
900	2
1261	1
1417	1
854	1
1120	1
670	1
874	3
892	1
1129	1
1008	2
445	9
596	1
549	3
875	1
1029	1
866	1
1535	1
394	15
1115	1
7654	1
405	9
3795	1
5548	1
1178	2
1901	1
629	3
598	1
824	2
1520	1
2025	1
359	11
696	1
61106	1
132041	1
33236	1
23783	1
971	1
2492	1
29451	1
8066	1
15362	1
4680	1
579	3
619	3
9450	1
858	1
893	3
574	1
2456	1
450	8
493	2
350	14
444	6
3842	1
1505	1
15599	1
518	3
718	3
392	8
321	16
581	2
514	5
1045	1
705	2
5261	1
628	2
768	3
7389	1
14036	1
465	5
77032	1
39552	1
640	1
532	2
548	4
916	2
826	2
627	3
410	4
59561	1
578	3
257363	1
1226	1
5392	1
51732	1
30116	1
7743	1
3536	1
988	1
3501	1
179294	1
891	1
526	3
622	2
734	1
472	8
957	2
1052	1
7548	1
512	4
4001	1
2727	1
13749	1
849	1
73241	1
185634	1
1651	1
4952	1
4431	1
2290	1
473	5
591	3
2376	1
884	3
831	2
2907	1
10046	1
2607	1
3747	1
11998	1
24669	1
5221	1
566	4
9142	1
714	3
1229	1
1059	1
828	3
508	1
700	1
777	1
602	3
735	1
836	1
888	2
722	2
713	3
5518	1
447	4
515	4
788	1
2417	1
795	1
499	2
2312	1
547	1
717	1
781	1
649	1
723	2
992	2
1018	2
687	2
683	2
458	5
1983	1
896	1
763	1
9389	1
25425	1
2280	2
18162	1
736	1
19958	1
3903	1
76487	1
9622	1
11429	1
812	2
829	1
5232	1
531	3
935	2
2369	1
462	3
2228	1
5545	1
1343	1
482	3
993	2
4888	1
4560	1
5710	1
9234	1
1218	1
5038	1
1740	1
16068	1
10582	1
15575	1
885	2
34663	1
222439	1
1604	1
43265	1
3290	1
129809	1
29239	1
5521	1
28963	1
40524	1
88007	1
67645	1
39054	1
10234	1
966	2
2110	1
2238	1
2179	1
96535	1
1630	1
46381	1
205775	1
235521	1
39928	1
4875	1
934	1
1177	1
742	1
91862	1
686	2
338794	1
1323	1
97035	1
139703	1
16215	1
201455	1
117042	1
7531	1
840	2
5528	1
12220	1
61184	1
57239	1
338451	1
55394	1
259493	1
30926	1
928	1
352045	1
14805	1
6156	1
569	2
5516	1
39008	1
446	4
557	1
863	4
1583	1
644	3
7663	1
1047	1
7462	1
2454	1
590	2
676	1
1368	1
1197	2
610	4
534	2
690	2
1027	1
592	3
1426	1
7915	1
1640	2
1333	1
1000	1
769	2
112493	1
816	1
1370	1
762	1
4458	1
677	1
820	1
572	3
1617	1
724	2
1011	1
799	1
1253	2
1221	1
894	1
1002	1
1763	2
1044	2
4289	1
180002	1
189945	1
1825	1
1396	1
869	1
1758	1
1605	1
1433	1
678	3
3094	1
21649	1
654	1
9405	1
81997	1
27168	1
1213	1
1125	1
2679	1
81424	1
2929	1
1977	1
15017	1
29798	1
2851	1
1258	1
1814	1
919	2
81371	1
809	1
786	1
5932	1
1089	1
855	1
739	3
9162	1
3877	1
952	1
6525	1
838	1
159408	1
3277	1
2742	1
5941	1
2094	1
1709	1
12821	1
3739	1
55772	1
1437	1
86941	1
936	1
95352	1
22737	1
67273	1
2494	1
1462	2
14996	1
870	1
14344	1
23797	1
1910	1
113043	1
14214	1
13682	1
4403	1
13793	1
1797	1
62310	1
80585	1
672	1
23786	1
30069	1
109199	1
18387	1
1667	1
185929	1
10310	1
13082	1
16062	1
212700	1
732	1
507	3
198655	1
54443	1
9495	1
4612	1
75858	1
1169	1
47853	1
1042	1
2986	1
140436	1
47917	1
10610	1
8391	1
12697	1
122237	1
85126	1
3252	1
1839	1
977	1
27876	1
31828	1
29233	1
48099	1
77664	1
105232	1
911	1
76383	1
119750	1
4112	1
43910	1
48307	1
83175	1
902	1
1123	1
121842	1
1170	1
13261	1
31137	1
32356	1
29856	1
7199	1
1222	1
10339	1
8241	1
88924	1
3931	1
9694	1
93304	1
12709	1
1225	1
125892	1
69803	1
1313	1
8977	1
28679	1
1040	1
7344	1
72191	1
31275	1
21105	1
84610	1
954	1
2430	2
912	1
818	1
949	2
880	1
1569	1
4834	1
1190	1
1817	1
2102	1
689	1
648	1
796	1
1182	1
991	1
1620	1
857	1
4514	1
789	1
1083	1
3711	1
708	1
673	2
1599	1
9403	1
951	1
10313	1
908	1
695	1
1521	1
1371	1
2371	1
8628	1
958	1
1232	1
904	1
661	3
860	1
815	2
6044	1
772	1
9274	1
720	1
9151	1
825	1
1127	1
7279	1
647	1
1251	1
1146	1
55847	1
2960	1
33773	1
34188	1
1717	1
6104	1
665	1
18795	1
35068	1
976	1
86134	1
2733	1
30554	1
1188	1
7147	1
11851	1
8734	1
92028	1
4281	1
9957	1
14832	1
17945	1
804	1
1566	1
5617	1
3315	1
797	1
1926	1
2295	1
6363	1
10164	1
2323	1
21309	1
163551	1
276554	1
2078	1
2645	1
5136	1
1527	1
3160	1
13856	1
274572	1
18094	1
1033	1
10229	1
9501	1
32894	1
163242	1
96419	1
1540	1
1066	1
12359	1
16707	1
3451	1
1970	1
1306	1
25298	1
20562	1
142805	1
1550	2
33082	1
782	1
2119	1
109930	1
35685	1
19658	1
1481	1
800	1
76424	1
2818	1
5155	1
830	2
11734	1
807	1
53341	1
6393	1
1292	1
765	1
1023	1
1422	1
1006	1
633	1
1250	1
1283	1
1241	1
1245	1
10638	1
973	1
2659	1
6973	1
370372	1
55456	1
3821	1
2407	1
2935	1
6789	1
1254	1
7513	1
60382	1
1076	1
1236	1
1113	1
67126	1
237383	1
64852	1
3430	1
66134	1
12153	1
1294	1
14436	1
13210	1
17538	1
7313	1
6885	1
15714	1
4409	1
129946	1
91720	1
103792	1
4840	1
727	1
14430	1
5018	1
2108	1
867	1
1733	1
3831	1
1948	1
19953	1
25184	1
1747	1
26900	1
642	1
1310	1
1097	1
145923	1
29241	1
30350	1
231506	1
14255	1
##DELETIONS
#len	count
