###CHROM 4
4	1	1348131	21442	1348131	3776	9269	425241	232566	236655	436669

##STATS
#A	C	G	T	CpGs
425241	232566	236655	436669	9269
#y	N	AC	AG	AT	CA	CG	CT	GA	GC	GT	TA	TC	TG
21442	1348131	1277	3333	2889	800	423	1793	1808	418	852	2989	3459	1401
#yCpG	NCpG	CA	CG	CT	GA	GC	GT
3776	9269	591	303	1038	1041	281	522
##INSERTIONS
#len	count
2191	1
4056	1
52	20
7	77
23	33
49	15
14	51
5	82
4	87
10	58
2	109
3	83
29	35
59	18
48	18
292	6
520	1
1	131
232	1
19	43
36	22
55	11
531	3
156	3
330	5
86	13
599	3
225	7
70	10
1286	2
18	44
15	51
12	68
20	39
6491	1
526	3
215	2
28	25
864	1
2394	1
13	54
338	1
291	4
881	1
278	3
597	1
279	1
610	1
1166	1
179	2
8	70
182	2
94	5
11	65
16	39
6	73
96	6
2562	1
115	4
62	6
21	43
1373	1
211	2
9	74
47	14
82	7
257	2
68	10
43	19
101	8
99	10
93	9
90	8
151	6
205	2
223	4
27	28
66	14
504	2
24	41
26	23
85	9
2512	1
460	1
131	6
269	4
106	5
53	20
77	12
35	16
285	2
28147	1
174	3
2543	1
203	3
655	1
27574	1
125	2
42	13
91	4
601	1
37	18
486	1
492	1
248	3
522	1
726	1
198	3
119	5
61	14
147	6
725	1
386	2
6434	1
21974	1
83	6
75	11
1699	1
468	1
74	17
108	6
2194	1
58	11
46	11
288	1
132	5
113	4
173	3
92	9
237	3
217	3
34	23
79	9
195	3
872	1
177	3
320	2
105	9
45	13
89	5
22	33
900	1
533	2
33	21
352	1
38	21
103	3
235	5
158	5
98	6
130	2
64	8
54	19
30	30
502	1
136	6
17	43
120	4
44	9
327	2
107	8
776	1
21274	1
76	10
39	18
51	13
133	6
116	7
148	2
31	24
394	1
561	1
137	3
102	5
41	10
2154	1
183	4
104	7
2039	1
1324	1
6902	1
1777	1
25	29
40	16
663	1
218	2
118	6
870	1
81	7
2008	1
540	1
63	9
266	1
12753	1
12085	1
138	3
73	9
1007	1
435	1
359	1
267	2
192	4
229	3
74788	1
185	3
60	12
114	7
50	13
314	1
1974	1
134	4
160	3
1750	1
356	2
387	1
1331	1
873	1
471	2
347	1
562	1
129	8
67	14
5805	1
72	11
112	4
345	1
594	1
261	2
512	1
545	2
877	1
1802	1
140	2
196	3
186	3
135	5
56	13
1277	1
268	1
202	3
647	1
272	2
149	1
143	4
2550	1
1057	1
236	1
384	1
2959	1
65	8
71	2
121	3
260	1
166	4
84	10
144	2
219	4
734	1
498	3
88	4
176	2
117	5
698	1
97	2
736	2
1260	1
841	1
238	4
145	3
163	3
527	1
188	3
249	3
360	1
184	1
1552	1
124	7
221	1
80	9
1450	1
802	1
453	1
643	1
128	5
310	1
1772	1
3261	1
271	3
100	9
919	1
551	1
793	1
297	2
461	2
9051	1
792	1
23388	1
230	2
69	6
1141	1
1402	1
729	1
1143	1
259	3
1830	1
4830	1
152	4
95	2
499	1
111	6
169	2
141	5
1137	1
2627	1
1603	1
181	2
30304	1
209	2
427	1
199	2
329	1
32	16
150	3
200	1
139	5
661	1
254	1
894	1
382	1
3394	1
490	1
239	1
1320	1
670	1
759	1
123	1
289	2
122	1
57	9
165	1
273	2
245	1
187	2
465	2
910	1
1250	1
282	1
437	3
500	1
216	2
298	1
627	1
168	2
159	1
87	9
247	3
280	1
1619	1
707	2
1210	1
178	1
303	1
780	1
312	2
683	1
311	2
220	2
1338	1
1983	1
171	2
339	1
222	2
835	1
1315	1
146	2
3662	1
679	1
511	2
874	1
603	1
153	3
723	1
301	1
1452	1
240	1
821	1
226	2
606	1
3222	1
277	1
110	6
904	1
706	1
390	1
3355	1
767	1
3812	1
476	1
1157	1
194	1
351	1
1437	1
1012	1
15635	1
524	1
3109	1
2730	1
592	1
193	1
936	1
319	2
2337	1
204	3
401	1
2723	1
1748	1
2757	1
126	3
256	1
1010	1
770	1
376	1
334	1
690	1
270	2
378	1
167	1
977	1
9044	1
485	1
8751	1
3406	1
300	2
797	1
1461	1
1346	1
293	2
78	6
483	1
250	1
3464	1
1514	1
7279	1
834	1
7840	1
325	1
6655	1
275	1
402	1
455	1
563	1
414	1
425	1
109	2
164	2
462	1
283	1
201	1
287	2
800	1
337	1
246	1
344	1
332	1
484	1
542	1
630	1
403	2
781	1
191	1
738	1
265	2
210	1
1243	1
2407	1
180	1
162	1
724	1
208	2
381	2
1815	1
154	1
308	1
12940	1
4854	1
1067	1
2249	1
1234	1
3865	1
487	1
4327	1
620	1
170	1
1607	1
1527	1
1466	1
1344	1
613	1
190	2
349	1
440	1
934	1
2398	1
13642	1
2109	1
2622	1
1767	1
142	1
328	1
127	2
472	1
189	2
251	1
42836	1
4465	1
1071	1
449	1
262	1
50975	1
1056	1
646	1
2989	1
242	2
5917	1
1485	1
9770	1
197	1
469	1
307	1
3225	1
985	1
392	2
1096	1
379	1
7019	1
13564	1
354	1
657	1
1015	1
604	1
244	1
682	1
172	1
637	1
213	1
441	1
791	1
566	1
1553	1
1255	1
296	2
754	1
495	1
2089	1
525	1
1060	1
431	1
1173	1
72897	1
6122	1
703	1
1267	2
998	1
2228	1
322	1
263	2
417	1
350	1
1875	1
860	1
1064	2
1240	1
243	1
8382	1
7154	1
809	1
1013	2
1483	1
4570	1
11790	1
975	1
1486	1
744	1
286	1
212	1
231	1
1207	1
18917	1
228	1
234	1
3154	1
366	1
1111	1
3064	1
6691	1
927	1
233	1
161	1
580	1
1009	1
733	1
939	1
2585	1
5777	1
1817	1
5671	1
50969	1
1798	2
10277	1
##DELETIONS
#len	count
